<?xml version="1.0" encoding="UTF-8"?>
<!-- Generated by org.testng.reporters.JUnitReportReporter -->
<testsuite hostname="BhargavsROG" failures="0" tests="1" name="PushingThis.loginTest" time="20.518" errors="0" timestamp="2023-11-08T23:19:49 CST" skipped="0">
  <testcase classname="PushingThis.loginTest" name="test1" time="20.518"/>
</testsuite> <!-- PushingThis.loginTest -->
